<?xml version="1.0" encoding="UTF-8"?>
<!-- Generated by org.testng.reporters.JUnitXMLReporter -->
<testsuite hostname="Kirans-MacBook-Pro.local" name="Test" tests="2" failures="1" timestamp="7 Jan 2017 18:18:01 GMT" time="20.537" errors="0">
  <testcase name="loginTest" time="20.518" classname="com.gojek.sanity.LoginTest"/>
  <testcase name="searchFlight" time="0.001" classname="com.gojek.sanity.SearchAFlight">
    <failure type="java.lang.NullPointerException">
      <![CDATA[java.lang.NullPointerException
	at org.openqa.selenium.support.pagefactory.DefaultElementLocator.findElement(DefaultElementLocator.java:69)
	at org.openqa.selenium.support.pagefactory.internal.LocatingElementHandler.invoke(LocatingElementHandler.java:38)
	at com.sun.proxy.$Proxy6.click(Unknown Source)
	at com.gojek.pom.SearchFlightPage.roundTrip(SearchFlightPage.java:26)
	at com.gojek.sanity.SearchAFlight.searchFlight(SearchAFlight.java:25)
... Removed 24 stack frames]]>
    </failure>
  </testcase> <!-- searchFlight -->
</testsuite> <!-- Test -->
