<?xml version="1.0" encoding="UTF-8"?>
<testng-results skipped="0" failed="1" total="2" passed="1">
  <reporter-output>
  </reporter-output>
  <suite name="Suite" duration-ms="20537" started-at="2017-01-07T18:17:40Z" finished-at="2017-01-07T18:18:01Z">
    <groups>
    </groups>
    <test name="Test" duration-ms="20537" started-at="2017-01-07T18:17:40Z" finished-at="2017-01-07T18:18:01Z">
      <class name="com.gojek.sanity.SearchAFlight">
        <test-method status="FAIL" signature="searchFlight()[pri:0, instance:com.gojek.sanity.SearchAFlight@96532d6]" name="searchFlight" duration-ms="1" started-at="2017-01-07T23:48:01Z" finished-at="2017-01-07T23:48:01Z">
          <exception class="java.lang.NullPointerException">
            <full-stacktrace>
              <![CDATA[java.lang.NullPointerException
	at org.openqa.selenium.support.pagefactory.DefaultElementLocator.findElement(DefaultElementLocator.java:69)
	at org.openqa.selenium.support.pagefactory.internal.LocatingElementHandler.invoke(LocatingElementHandler.java:38)
	at com.sun.proxy.$Proxy6.click(Unknown Source)
	at com.gojek.pom.SearchFlightPage.roundTrip(SearchFlightPage.java:26)
	at com.gojek.sanity.SearchAFlight.searchFlight(SearchAFlight.java:25)
	at sun.reflect.NativeMethodAccessorImpl.invoke0(Native Method)
	at sun.reflect.NativeMethodAccessorImpl.invoke(NativeMethodAccessorImpl.java:62)
	at sun.reflect.DelegatingMethodAccessorImpl.invoke(DelegatingMethodAccessorImpl.java:43)
	at java.lang.reflect.Method.invoke(Method.java:497)
	at org.testng.internal.MethodInvocationHelper.invokeMethod(MethodInvocationHelper.java:84)
	at org.testng.internal.Invoker.invokeMethod(Invoker.java:714)
	at org.testng.internal.Invoker.invokeTestMethod(Invoker.java:901)
	at org.testng.internal.Invoker.invokeTestMethods(Invoker.java:1231)
	at org.testng.internal.TestMethodWorker.invokeTestMethods(TestMethodWorker.java:127)
	at org.testng.internal.TestMethodWorker.run(TestMethodWorker.java:111)
	at org.testng.TestRunner.privateRun(TestRunner.java:767)
	at org.testng.TestRunner.run(TestRunner.java:617)
	at org.testng.SuiteRunner.runTest(SuiteRunner.java:348)
	at org.testng.SuiteRunner.runSequentially(SuiteRunner.java:343)
	at org.testng.SuiteRunner.privateRun(SuiteRunner.java:305)
	at org.testng.SuiteRunner.run(SuiteRunner.java:254)
	at org.testng.SuiteRunnerWorker.runSuite(SuiteRunnerWorker.java:52)
	at org.testng.SuiteRunnerWorker.run(SuiteRunnerWorker.java:86)
	at org.testng.TestNG.runSuitesSequentially(TestNG.java:1224)
	at org.testng.TestNG.runSuitesLocally(TestNG.java:1149)
	at org.testng.TestNG.run(TestNG.java:1057)
	at org.testng.remote.RemoteTestNG.run(RemoteTestNG.java:115)
	at org.testng.remote.RemoteTestNG.initAndRun(RemoteTestNG.java:207)
	at org.testng.remote.RemoteTestNG.main(RemoteTestNG.java:178)
]]>
            </full-stacktrace>
          </exception> <!-- java.lang.NullPointerException -->
          <reporter-output>
          </reporter-output>
        </test-method> <!-- searchFlight -->
      </class> <!-- com.gojek.sanity.SearchAFlight -->
      <class name="com.gojek.sanity.LoginTest">
        <test-method status="PASS" signature="preCondition()[pri:0, instance:com.gojek.sanity.LoginTest@880ec60]" name="preCondition" is-config="true" duration-ms="12288" started-at="2017-01-07T23:47:28Z" finished-at="2017-01-07T23:47:40Z">
          <reporter-output>
          </reporter-output>
        </test-method> <!-- preCondition -->
        <test-method status="PASS" signature="loginTest()[pri:0, instance:com.gojek.sanity.LoginTest@880ec60]" name="loginTest" duration-ms="20518" started-at="2017-01-07T23:47:40Z" finished-at="2017-01-07T23:48:01Z">
          <reporter-output>
          </reporter-output>
        </test-method> <!-- loginTest -->
        <test-method status="PASS" signature="postCondition()[pri:0, instance:com.gojek.sanity.LoginTest@880ec60]" name="postCondition" is-config="true" duration-ms="228" started-at="2017-01-07T23:48:01Z" finished-at="2017-01-07T23:48:01Z">
          <reporter-output>
          </reporter-output>
        </test-method> <!-- postCondition -->
      </class> <!-- com.gojek.sanity.LoginTest -->
    </test> <!-- Test -->
  </suite> <!-- Suite -->
</testng-results>
